SDLVisualObject.obj : error LNK2019: unresolved external symbol SDL_GetError referenced in function "public: __cdecl SDLVisualObject::SDLVisualObject(struct SDL_Rect,class std::basic_string<char,struct std::char_traits<char>,class std::allocator<char> >)" (??0SDLVisualObject@@QEAA@USDL_Rect@@V?$basic_string@DU?$char_traits@D@std@@V?$allocator@D@2@@std@@@Z)
SDLVisualObject.obj : error LNK2019: unresolved external symbol SDL_RWFromFile referenced in function "public: __cdecl SDLVisualObject::SDLVisualObject(struct SDL_Rect,class std::basic_string<char,struct std::char_traits<char>,class std::allocator<char> >)" (??0SDLVisualObject@@QEAA@USDL_Rect@@V?$basic_string@DU?$char_traits@D@std@@V?$allocator@D@2@@std@@@Z)
SDLVisualObject.obj : error LNK2019: unresolved external symbol SDL_LoadBMP_RW referenced in function "public: __cdecl SDLVisualObject::SDLVisualObject(struct SDL_Rect,class std::basic_string<char,struct std::char_traits<char>,class std::allocator<char> >)" (??0SDLVisualObject@@QEAA@USDL_Rect@@V?$basic_string@DU?$char_traits@D@std@@V?$allocator@D@2@@std@@@Z)
SDLVisualObject.obj : error LNK2019: unresolved external symbol SDL_CreateWindow referenced in function "public: static bool __cdecl SDLVisualObject::initSDL(void)" (?initSDL@SDLVisualObject@@SA_NXZ)
SDLVisualObject.obj : error LNK2019: unresolved external symbol SDL_DestroyWindow referenced in function "public: static void __cdecl SDLVisualObject::closeSDL(void)" (?closeSDL@SDLVisualObject@@SAXXZ)
SDLVisualObject.obj : error LNK2019: unresolved external symbol SDL_CreateRenderer referenced in function "public: static bool __cdecl SDLVisualObject::initSDL(void)" (?initSDL@SDLVisualObject@@SA_NXZ)
SDLVisualObject.obj : error LNK2019: unresolved external symbol SDL_CreateTextureFromSurface referenced in function "public: __cdecl SDLVisualObject::SDLVisualObject(struct SDL_Rect,class std::basic_string<char,struct std::char_traits<char>,class std::allocator<char> >)" (??0SDLVisualObject@@QEAA@USDL_Rect@@V?$basic_string@DU?$char_traits@D@std@@V?$allocator@D@2@@std@@@Z)
SDLVisualObject.obj : error LNK2019: unresolved external symbol SDL_RenderClear referenced in function "public: static void __cdecl SDLVisualObject::renderClearSDL(void)" (?renderClearSDL@SDLVisualObject@@SAXXZ)
SDLVisualObject.obj : error LNK2019: unresolved external symbol SDL_RenderCopy referenced in function "public: void __cdecl SDLVisualObject::copyRender(void)" (?copyRender@SDLVisualObject@@QEAAXXZ)
SDLVisualObject.obj : error LNK2019: unresolved external symbol SDL_RenderPresent referenced in function "public: static void __cdecl SDLVisualObject::renderPresentSDL(void)" (?renderPresentSDL@SDLVisualObject@@SAXXZ)
SDLVisualObject.obj : error LNK2019: unresolved external symbol SDL_DestroyTexture referenced in function "public: __cdecl SDLVisualObject::~SDLVisualObject(void)" (??1SDLVisualObject@@QEAA@XZ)
SDLVisualObject.obj : error LNK2019: unresolved external symbol SDL_DestroyRenderer referenced in function "public: static void __cdecl SDLVisualObject::closeSDL(void)" (?closeSDL@SDLVisualObject@@SAXXZ)
SDLVisualObject.obj : error LNK2019: unresolved external symbol SDL_Init referenced in function "public: static bool __cdecl SDLVisualObject::initSDL(void)" (?initSDL@SDLVisualObject@@SA_NXZ)
SDLVisualObject.obj : error LNK2019: unresolved external symbol SDL_Quit referenced in function "public: static void __cdecl SDLVisualObject::closeSDL(void)" (?closeSDL@SDLVisualObject@@SAXXZ)
Source.obj : error LNK2019: unresolved external symbol SDL_GetCurrentDisplayMode referenced in function SDL_main
Source.obj : error LNK2019: unresolved external symbol SDL_PollEvent referenced in function SDL_main
MSVCRTD.lib(exe_main.obj) : error LNK2019: unresolved external symbol main referenced in function "int __cdecl invoke_main(void)" (?invoke_main@@YAHXZ)
D:\work\C++\SDL\SDL2-2.0.9\lib\x86\SDL2.lib : warning LNK4272: library machine type 'x86' conflicts with target machine type 'x64'
D:\work\C++\SDL\SDL2-2.0.9\lib\x86\SDL2main.lib : warning LNK4272: library machine type 'x86' conflicts with target machine type 'x64'
C:\Users\danie\Documents\GitHub\Pebbles_SDL\SDL_Pebbles\current attempt 2\SDL_Pebbles\x64\Debug\SDL_Pebbles.exe : fatal error LNK1120: 17 unresolved externals
